<?xml version="1.0" encoding="UTF-8"?>
<!-- Generated by org.testng.reporters.JUnitReportReporter -->
<testsuite hostname="DESKTOP-GNJDDVC" failures="0" tests="4" name="com.Selenium.OrangeHRM" time="0.000" errors="0" timestamp="2023-05-09T17:19:39 IST" skipped="4">
  <testcase classname="com.Selenium.OrangeHRM" name="VerifyLogin" time="0.000">
    <skipped/>
  </testcase> <!-- VerifyLogin -->
  <system-out/>
  <testcase classname="com.Selenium.OrangeHRM" name="NavigateToMyInfo" time="0.000">
    <skipped/>
  </testcase> <!-- NavigateToMyInfo -->
  <system-out/>
  <testcase classname="com.Selenium.OrangeHRM" name="VerifyMyInfo" time="0.000">
    <skipped/>
  </testcase> <!-- VerifyMyInfo -->
  <system-out/>
  <testcase classname="com.Selenium.OrangeHRM" name="EnterLoginDetails" time="0.000">
    <skipped/>
  </testcase> <!-- EnterLoginDetails -->
  <system-out/>
</testsuite> <!-- com.Selenium.OrangeHRM -->
