<?xml version="1.0" encoding="UTF-8"?>
<!-- Generated by org.testng.reporters.JUnitReportReporter -->
<testsuite hostname="DESKTOP-GNJDDVC" failures="0" tests="2" name="com.Selenium.newclass2" time="0.009" errors="0" timestamp="2023-06-23T16:50:36 IST" skipped="0">
  <testcase classname="com.Selenium.newclass2" name="testCase2" time="0.003"/>
  <system-out/>
  <testcase classname="com.Selenium.newclass2" name="testCase1" time="0.006"/>
  <system-out/>
</testsuite> <!-- com.Selenium.newclass2 -->
