<?xml version="1.0" encoding="UTF-8"?>
<!-- Generated by org.testng.reporters.JUnitReportReporter -->
<testsuite hostname="DESKTOP-GNJDDVC" failures="0" tests="1" name="com.Selenium.newclass" time="0.000" errors="0" timestamp="2023-05-09T17:19:39 IST" skipped="1">
  <testcase classname="com.Selenium.newclass" name="testCase1" time="0.000">
    <skipped/>
  </testcase> <!-- testCase1 -->
  <system-out/>
</testsuite> <!-- com.Selenium.newclass -->
